<?xml version="1.0" encoding="UTF-8"?>
<testng-results ignored="0" total="1" passed="1" failed="0" skipped="0">
  <reporter-output>
  </reporter-output>
  <suite started-at="2024-08-14T13:31:19 IST" name="Default suite" finished-at="2024-08-14T13:31:48 IST" duration-ms="29288">
    <groups>
    </groups>
    <test started-at="2024-08-14T13:31:19 IST" name="Default test" finished-at="2024-08-14T13:31:48 IST" duration-ms="29288">
      <class name="crm.ninja.hrm.projectTest.ProjectWithOnGoingTest">
        <test-method is-config="true" signature="createConnectionWithDB()[pri:0, instance:crm.ninja.hrm.projectTest.ProjectWithOnGoingTest@5bda8e08]" started-at="2024-08-14T13:31:15 IST" name="createConnectionWithDB" finished-at="2024-08-14T13:31:19 IST" duration-ms="3796" status="PASS">
          <reporter-output>
          </reporter-output>
        </test-method> <!-- createConnectionWithDB -->
        <test-method signature="addProjectWithOnGoingStatusTest()[pri:0, instance:crm.ninja.hrm.projectTest.ProjectWithOnGoingTest@5bda8e08]" started-at="2024-08-14T13:31:19 IST" name="addProjectWithOnGoingStatusTest" finished-at="2024-08-14T13:31:48 IST" duration-ms="29115" status="PASS">
          <reporter-output>
          </reporter-output>
        </test-method> <!-- addProjectWithOnGoingStatusTest -->
        <test-method is-config="true" signature="configAs()[pri:0, instance:crm.ninja.hrm.projectTest.ProjectWithOnGoingTest@5bda8e08]" started-at="2024-08-14T13:31:48 IST" name="configAs" finished-at="2024-08-14T13:31:48 IST" duration-ms="24" status="PASS">
          <reporter-output>
          </reporter-output>
        </test-method> <!-- configAs -->
      </class> <!-- crm.ninja.hrm.projectTest.ProjectWithOnGoingTest -->
    </test> <!-- Default test -->
  </suite> <!-- Default suite -->
</testng-results>
